mode: atomic
github.com/cdiscount/kong-operator/pkg/route/route.go:10.55,11.2 0 0
github.com/cdiscount/kong-operator/pkg/apis/apim/v1alpha1/register.go:15.41,17.2 1 0
github.com/cdiscount/kong-operator/pkg/apis/apim/v1alpha1/register.go:20.53,22.2 1 0
github.com/cdiscount/kong-operator/pkg/apis/apim/v1alpha1/register.go:30.50,37.2 3 0
github.com/cdiscount/kong-operator/pkg/apis/apim/v1alpha1/zz_generated.deepcopy.go:28.51,35.2 6 0
github.com/cdiscount/kong-operator/pkg/apis/apim/v1alpha1/zz_generated.deepcopy.go:38.44,39.15 1 0
github.com/cdiscount/kong-operator/pkg/apis/apim/v1alpha1/zz_generated.deepcopy.go:42.2,44.12 3 0
github.com/cdiscount/kong-operator/pkg/apis/apim/v1alpha1/zz_generated.deepcopy.go:39.15,41.3 1 0
github.com/cdiscount/kong-operator/pkg/apis/apim/v1alpha1/zz_generated.deepcopy.go:48.54,49.34 1 0
github.com/cdiscount/kong-operator/pkg/apis/apim/v1alpha1/zz_generated.deepcopy.go:52.2,52.12 1 0
github.com/cdiscount/kong-operator/pkg/apis/apim/v1alpha1/zz_generated.deepcopy.go:49.34,51.3 1 0
github.com/cdiscount/kong-operator/pkg/apis/apim/v1alpha1/zz_generated.deepcopy.go:56.59,60.21 4 0
github.com/cdiscount/kong-operator/pkg/apis/apim/v1alpha1/zz_generated.deepcopy.go:67.2,67.8 1 0
github.com/cdiscount/kong-operator/pkg/apis/apim/v1alpha1/zz_generated.deepcopy.go:60.21,63.22 3 0
github.com/cdiscount/kong-operator/pkg/apis/apim/v1alpha1/zz_generated.deepcopy.go:63.22,65.4 1 0
github.com/cdiscount/kong-operator/pkg/apis/apim/v1alpha1/zz_generated.deepcopy.go:71.52,72.15 1 0
github.com/cdiscount/kong-operator/pkg/apis/apim/v1alpha1/zz_generated.deepcopy.go:75.2,77.12 3 0
github.com/cdiscount/kong-operator/pkg/apis/apim/v1alpha1/zz_generated.deepcopy.go:72.15,74.3 1 0
github.com/cdiscount/kong-operator/pkg/apis/apim/v1alpha1/zz_generated.deepcopy.go:81.58,82.34 1 0
github.com/cdiscount/kong-operator/pkg/apis/apim/v1alpha1/zz_generated.deepcopy.go:85.2,85.12 1 0
github.com/cdiscount/kong-operator/pkg/apis/apim/v1alpha1/zz_generated.deepcopy.go:82.34,84.3 1 0
github.com/cdiscount/kong-operator/pkg/apis/apim/v1alpha1/zz_generated.deepcopy.go:89.59,92.2 2 0
github.com/cdiscount/kong-operator/pkg/apis/apim/v1alpha1/zz_generated.deepcopy.go:95.52,96.15 1 0
github.com/cdiscount/kong-operator/pkg/apis/apim/v1alpha1/zz_generated.deepcopy.go:99.2,101.12 3 0
github.com/cdiscount/kong-operator/pkg/apis/apim/v1alpha1/zz_generated.deepcopy.go:96.15,98.3 1 0
github.com/cdiscount/kong-operator/pkg/apis/apim/v1alpha1/zz_generated.deepcopy.go:105.63,108.2 2 0
github.com/cdiscount/kong-operator/pkg/apis/apim/v1alpha1/zz_generated.deepcopy.go:111.56,112.15 1 0
github.com/cdiscount/kong-operator/pkg/apis/apim/v1alpha1/zz_generated.deepcopy.go:115.2,117.12 3 0
github.com/cdiscount/kong-operator/pkg/apis/apim/v1alpha1/zz_generated.deepcopy.go:112.15,114.3 1 0
github.com/cdiscount/kong-operator/pkg/apis/apim/v1alpha1/zz_generated.deepcopy.go:121.55,128.2 6 0
github.com/cdiscount/kong-operator/pkg/apis/apim/v1alpha1/zz_generated.deepcopy.go:131.48,132.15 1 0
github.com/cdiscount/kong-operator/pkg/apis/apim/v1alpha1/zz_generated.deepcopy.go:135.2,137.12 3 0
github.com/cdiscount/kong-operator/pkg/apis/apim/v1alpha1/zz_generated.deepcopy.go:132.15,134.3 1 0
github.com/cdiscount/kong-operator/pkg/apis/apim/v1alpha1/zz_generated.deepcopy.go:141.56,142.34 1 0
github.com/cdiscount/kong-operator/pkg/apis/apim/v1alpha1/zz_generated.deepcopy.go:145.2,145.12 1 0
github.com/cdiscount/kong-operator/pkg/apis/apim/v1alpha1/zz_generated.deepcopy.go:142.34,144.3 1 0
github.com/cdiscount/kong-operator/pkg/apis/apim/v1alpha1/zz_generated.deepcopy.go:149.63,153.21 4 0
github.com/cdiscount/kong-operator/pkg/apis/apim/v1alpha1/zz_generated.deepcopy.go:160.2,160.8 1 0
github.com/cdiscount/kong-operator/pkg/apis/apim/v1alpha1/zz_generated.deepcopy.go:153.21,156.22 3 0
github.com/cdiscount/kong-operator/pkg/apis/apim/v1alpha1/zz_generated.deepcopy.go:156.22,158.4 1 0
github.com/cdiscount/kong-operator/pkg/apis/apim/v1alpha1/zz_generated.deepcopy.go:164.56,165.15 1 0
github.com/cdiscount/kong-operator/pkg/apis/apim/v1alpha1/zz_generated.deepcopy.go:168.2,170.12 3 0
github.com/cdiscount/kong-operator/pkg/apis/apim/v1alpha1/zz_generated.deepcopy.go:165.15,167.3 1 0
github.com/cdiscount/kong-operator/pkg/apis/apim/v1alpha1/zz_generated.deepcopy.go:174.60,175.34 1 0
github.com/cdiscount/kong-operator/pkg/apis/apim/v1alpha1/zz_generated.deepcopy.go:178.2,178.12 1 0
github.com/cdiscount/kong-operator/pkg/apis/apim/v1alpha1/zz_generated.deepcopy.go:175.34,177.3 1 0
github.com/cdiscount/kong-operator/pkg/apis/apim/v1alpha1/zz_generated.deepcopy.go:182.63,185.2 2 0
github.com/cdiscount/kong-operator/pkg/apis/apim/v1alpha1/zz_generated.deepcopy.go:188.56,189.15 1 0
github.com/cdiscount/kong-operator/pkg/apis/apim/v1alpha1/zz_generated.deepcopy.go:192.2,194.12 3 0
github.com/cdiscount/kong-operator/pkg/apis/apim/v1alpha1/zz_generated.deepcopy.go:189.15,191.3 1 0
github.com/cdiscount/kong-operator/pkg/apis/apim/v1alpha1/zz_generated.deepcopy.go:198.67,201.2 2 0
github.com/cdiscount/kong-operator/pkg/apis/apim/v1alpha1/zz_generated.deepcopy.go:204.60,205.15 1 0
github.com/cdiscount/kong-operator/pkg/apis/apim/v1alpha1/zz_generated.deepcopy.go:208.2,210.12 3 0
github.com/cdiscount/kong-operator/pkg/apis/apim/v1alpha1/zz_generated.deepcopy.go:205.15,207.3 1 0
github.com/cdiscount/kong-operator/pkg/controller/kongRoute/controller.go:62.67,92.2 11 0
github.com/cdiscount/kong-operator/pkg/controller/kongRoute/controller.go:94.52,97.2 2 0
github.com/cdiscount/kong-operator/pkg/controller/kongRoute/controller.go:99.72,102.2 2 0
github.com/cdiscount/kong-operator/pkg/controller/kongRoute/controller.go:104.55,107.2 2 0
github.com/cdiscount/kong-operator/pkg/controller/kongRoute/controller.go:126.73,135.72 5 0
github.com/cdiscount/kong-operator/pkg/controller/kongRoute/controller.go:139.2,141.35 2 0
github.com/cdiscount/kong-operator/pkg/controller/kongRoute/controller.go:145.2,149.12 4 0
github.com/cdiscount/kong-operator/pkg/controller/kongRoute/controller.go:135.72,137.3 1 0
github.com/cdiscount/kong-operator/pkg/controller/kongRoute/controller.go:141.35,143.3 1 0
github.com/cdiscount/kong-operator/pkg/controller/kongRoute/controller.go:154.31,155.30 1 0
github.com/cdiscount/kong-operator/pkg/controller/kongRoute/controller.go:155.31,156.3 0 0
github.com/cdiscount/kong-operator/pkg/controller/kongRoute/controller.go:159.49,161.10 2 0
github.com/cdiscount/kong-operator/pkg/controller/kongRoute/controller.go:164.2,168.13 4 0
github.com/cdiscount/kong-operator/pkg/controller/kongRoute/controller.go:161.10,163.3 1 0
github.com/cdiscount/kong-operator/pkg/controller/kongRoute/controller.go:171.60,172.16 1 0
github.com/cdiscount/kong-operator/pkg/controller/kongRoute/controller.go:177.2,177.47 1 0
github.com/cdiscount/kong-operator/pkg/controller/kongRoute/controller.go:183.2,185.25 3 0
github.com/cdiscount/kong-operator/pkg/controller/kongRoute/controller.go:172.16,175.3 2 0
github.com/cdiscount/kong-operator/pkg/controller/kongRoute/controller.go:177.47,181.3 3 0
github.com/cdiscount/kong-operator/pkg/controller/kongRoute/controller.go:189.50,191.2 1 0
