mode: atomic
github.com/cdiscount/kong-operator/pkg/route/route.go:10.55,11.2 0 0
github.com/cdiscount/kong-operator/pkg/apis/apim/v1alpha1/zz_generated.deepcopy.go:28.51,35.2 6 0
github.com/cdiscount/kong-operator/pkg/apis/apim/v1alpha1/zz_generated.deepcopy.go:38.44,39.15 1 0
github.com/cdiscount/kong-operator/pkg/apis/apim/v1alpha1/zz_generated.deepcopy.go:42.2,44.12 3 0
github.com/cdiscount/kong-operator/pkg/apis/apim/v1alpha1/zz_generated.deepcopy.go:39.15,41.3 1 0
github.com/cdiscount/kong-operator/pkg/apis/apim/v1alpha1/zz_generated.deepcopy.go:48.54,49.34 1 0
github.com/cdiscount/kong-operator/pkg/apis/apim/v1alpha1/zz_generated.deepcopy.go:52.2,52.12 1 0
github.com/cdiscount/kong-operator/pkg/apis/apim/v1alpha1/zz_generated.deepcopy.go:49.34,51.3 1 0
github.com/cdiscount/kong-operator/pkg/apis/apim/v1alpha1/zz_generated.deepcopy.go:56.59,60.21 4 0
github.com/cdiscount/kong-operator/pkg/apis/apim/v1alpha1/zz_generated.deepcopy.go:67.2,67.8 1 0
github.com/cdiscount/kong-operator/pkg/apis/apim/v1alpha1/zz_generated.deepcopy.go:60.21,63.22 3 0
github.com/cdiscount/kong-operator/pkg/apis/apim/v1alpha1/zz_generated.deepcopy.go:63.22,65.4 1 0
github.com/cdiscount/kong-operator/pkg/apis/apim/v1alpha1/zz_generated.deepcopy.go:71.52,72.15 1 0
github.com/cdiscount/kong-operator/pkg/apis/apim/v1alpha1/zz_generated.deepcopy.go:75.2,77.12 3 0
github.com/cdiscount/kong-operator/pkg/apis/apim/v1alpha1/zz_generated.deepcopy.go:72.15,74.3 1 0
github.com/cdiscount/kong-operator/pkg/apis/apim/v1alpha1/zz_generated.deepcopy.go:81.58,82.34 1 0
github.com/cdiscount/kong-operator/pkg/apis/apim/v1alpha1/zz_generated.deepcopy.go:85.2,85.12 1 0
github.com/cdiscount/kong-operator/pkg/apis/apim/v1alpha1/zz_generated.deepcopy.go:82.34,84.3 1 0
github.com/cdiscount/kong-operator/pkg/apis/apim/v1alpha1/zz_generated.deepcopy.go:89.59,92.2 2 0
github.com/cdiscount/kong-operator/pkg/apis/apim/v1alpha1/zz_generated.deepcopy.go:95.52,96.15 1 0
github.com/cdiscount/kong-operator/pkg/apis/apim/v1alpha1/zz_generated.deepcopy.go:99.2,101.12 3 0
github.com/cdiscount/kong-operator/pkg/apis/apim/v1alpha1/zz_generated.deepcopy.go:96.15,98.3 1 0
github.com/cdiscount/kong-operator/pkg/apis/apim/v1alpha1/zz_generated.deepcopy.go:105.63,108.2 2 0
github.com/cdiscount/kong-operator/pkg/apis/apim/v1alpha1/zz_generated.deepcopy.go:111.56,112.15 1 0
github.com/cdiscount/kong-operator/pkg/apis/apim/v1alpha1/zz_generated.deepcopy.go:115.2,117.12 3 0
github.com/cdiscount/kong-operator/pkg/apis/apim/v1alpha1/zz_generated.deepcopy.go:112.15,114.3 1 0
github.com/cdiscount/kong-operator/pkg/apis/apim/v1alpha1/zz_generated.deepcopy.go:121.55,128.2 6 0
github.com/cdiscount/kong-operator/pkg/apis/apim/v1alpha1/zz_generated.deepcopy.go:131.48,132.15 1 0
github.com/cdiscount/kong-operator/pkg/apis/apim/v1alpha1/zz_generated.deepcopy.go:135.2,137.12 3 0
github.com/cdiscount/kong-operator/pkg/apis/apim/v1alpha1/zz_generated.deepcopy.go:132.15,134.3 1 0
github.com/cdiscount/kong-operator/pkg/apis/apim/v1alpha1/zz_generated.deepcopy.go:141.56,142.34 1 0
github.com/cdiscount/kong-operator/pkg/apis/apim/v1alpha1/zz_generated.deepcopy.go:145.2,145.12 1 0
github.com/cdiscount/kong-operator/pkg/apis/apim/v1alpha1/zz_generated.deepcopy.go:142.34,144.3 1 0
github.com/cdiscount/kong-operator/pkg/apis/apim/v1alpha1/zz_generated.deepcopy.go:149.63,153.21 4 0
github.com/cdiscount/kong-operator/pkg/apis/apim/v1alpha1/zz_generated.deepcopy.go:160.2,160.8 1 0
github.com/cdiscount/kong-operator/pkg/apis/apim/v1alpha1/zz_generated.deepcopy.go:153.21,156.22 3 0
github.com/cdiscount/kong-operator/pkg/apis/apim/v1alpha1/zz_generated.deepcopy.go:156.22,158.4 1 0
github.com/cdiscount/kong-operator/pkg/apis/apim/v1alpha1/zz_generated.deepcopy.go:164.56,165.15 1 0
github.com/cdiscount/kong-operator/pkg/apis/apim/v1alpha1/zz_generated.deepcopy.go:168.2,170.12 3 0
github.com/cdiscount/kong-operator/pkg/apis/apim/v1alpha1/zz_generated.deepcopy.go:165.15,167.3 1 0
github.com/cdiscount/kong-operator/pkg/apis/apim/v1alpha1/zz_generated.deepcopy.go:174.60,175.34 1 0
github.com/cdiscount/kong-operator/pkg/apis/apim/v1alpha1/zz_generated.deepcopy.go:178.2,178.12 1 0
github.com/cdiscount/kong-operator/pkg/apis/apim/v1alpha1/zz_generated.deepcopy.go:175.34,177.3 1 0
github.com/cdiscount/kong-operator/pkg/apis/apim/v1alpha1/zz_generated.deepcopy.go:182.63,185.2 2 0
github.com/cdiscount/kong-operator/pkg/apis/apim/v1alpha1/zz_generated.deepcopy.go:188.56,189.15 1 0
github.com/cdiscount/kong-operator/pkg/apis/apim/v1alpha1/zz_generated.deepcopy.go:192.2,194.12 3 0
github.com/cdiscount/kong-operator/pkg/apis/apim/v1alpha1/zz_generated.deepcopy.go:189.15,191.3 1 0
github.com/cdiscount/kong-operator/pkg/apis/apim/v1alpha1/zz_generated.deepcopy.go:198.67,201.2 2 0
github.com/cdiscount/kong-operator/pkg/apis/apim/v1alpha1/zz_generated.deepcopy.go:204.60,205.15 1 0
github.com/cdiscount/kong-operator/pkg/apis/apim/v1alpha1/zz_generated.deepcopy.go:208.2,210.12 3 0
github.com/cdiscount/kong-operator/pkg/apis/apim/v1alpha1/zz_generated.deepcopy.go:205.15,207.3 1 0
github.com/cdiscount/kong-operator/pkg/apis/apim/v1alpha1/register.go:15.41,17.2 1 0
github.com/cdiscount/kong-operator/pkg/apis/apim/v1alpha1/register.go:20.53,22.2 1 0
github.com/cdiscount/kong-operator/pkg/apis/apim/v1alpha1/register.go:30.50,37.2 3 0
github.com/cdiscount/kong-operator/pkg/controller/kongRoute/controller.go:71.45,105.2 12 0
github.com/cdiscount/kong-operator/pkg/controller/kongRoute/controller.go:107.59,111.2 3 0
github.com/cdiscount/kong-operator/pkg/controller/kongRoute/controller.go:113.79,116.61 3 0
github.com/cdiscount/kong-operator/pkg/controller/kongRoute/controller.go:116.61,119.3 2 0
github.com/cdiscount/kong-operator/pkg/controller/kongRoute/controller.go:122.62,124.74 2 0
github.com/cdiscount/kong-operator/pkg/controller/kongRoute/controller.go:124.74,126.17 2 0
github.com/cdiscount/kong-operator/pkg/controller/kongRoute/controller.go:129.3,129.56 1 0
github.com/cdiscount/kong-operator/pkg/controller/kongRoute/controller.go:126.17,128.4 1 0
github.com/cdiscount/kong-operator/pkg/controller/kongRoute/controller.go:136.47,139.60 3 0
github.com/cdiscount/kong-operator/pkg/controller/kongRoute/controller.go:143.2,143.33 1 0
github.com/cdiscount/kong-operator/pkg/controller/kongRoute/controller.go:139.60,142.3 2 0
github.com/cdiscount/kong-operator/pkg/controller/kongRoute/controller.go:150.73,159.99 5 0
github.com/cdiscount/kong-operator/pkg/controller/kongRoute/controller.go:163.2,165.35 2 0
github.com/cdiscount/kong-operator/pkg/controller/kongRoute/controller.go:169.2,173.12 4 0
github.com/cdiscount/kong-operator/pkg/controller/kongRoute/controller.go:159.99,161.3 1 0
github.com/cdiscount/kong-operator/pkg/controller/kongRoute/controller.go:165.35,167.3 1 0
github.com/cdiscount/kong-operator/pkg/controller/kongRoute/controller.go:178.31,179.30 1 0
github.com/cdiscount/kong-operator/pkg/controller/kongRoute/controller.go:179.31,180.3 0 0
github.com/cdiscount/kong-operator/pkg/controller/kongRoute/controller.go:183.49,185.10 2 0
github.com/cdiscount/kong-operator/pkg/controller/kongRoute/controller.go:188.2,192.13 4 0
github.com/cdiscount/kong-operator/pkg/controller/kongRoute/controller.go:185.10,187.3 1 0
github.com/cdiscount/kong-operator/pkg/controller/kongRoute/controller.go:195.60,196.16 1 0
github.com/cdiscount/kong-operator/pkg/controller/kongRoute/controller.go:201.2,201.47 1 0
github.com/cdiscount/kong-operator/pkg/controller/kongRoute/controller.go:207.2,209.25 3 0
github.com/cdiscount/kong-operator/pkg/controller/kongRoute/controller.go:196.16,199.3 2 0
github.com/cdiscount/kong-operator/pkg/controller/kongRoute/controller.go:201.47,205.3 3 0
github.com/cdiscount/kong-operator/pkg/controller/kongRoute/controller.go:213.50,216.16 2 0
github.com/cdiscount/kong-operator/pkg/controller/kongRoute/controller.go:222.2,223.16 2 0
github.com/cdiscount/kong-operator/pkg/controller/kongRoute/controller.go:235.2,235.67 1 0
github.com/cdiscount/kong-operator/pkg/controller/kongRoute/controller.go:251.2,252.12 2 0
github.com/cdiscount/kong-operator/pkg/controller/kongRoute/controller.go:216.16,219.3 2 0
github.com/cdiscount/kong-operator/pkg/controller/kongRoute/controller.go:223.16,225.29 1 0
github.com/cdiscount/kong-operator/pkg/controller/kongRoute/controller.go:229.3,229.13 1 0
github.com/cdiscount/kong-operator/pkg/controller/kongRoute/controller.go:225.29,228.4 2 0
github.com/cdiscount/kong-operator/pkg/controller/kongRoute/controller.go:235.67,237.17 2 0
github.com/cdiscount/kong-operator/pkg/controller/kongRoute/controller.go:241.3,241.78 1 0
github.com/cdiscount/kong-operator/pkg/controller/kongRoute/controller.go:237.17,240.4 2 0
github.com/cdiscount/kong-operator/pkg/controller/kongRoute/controller.go:242.3,244.17 2 0
github.com/cdiscount/kong-operator/pkg/controller/kongRoute/controller.go:248.3,248.78 1 0
github.com/cdiscount/kong-operator/pkg/controller/kongRoute/controller.go:244.17,247.4 2 0
github.com/cdiscount/kong-operator/pkg/controller/kongRoute/controller.go:255.69,258.2 2 0
github.com/cdiscount/kong-operator/pkg/controller/kongRoute/controller.go:260.96,263.16 2 0
github.com/cdiscount/kong-operator/pkg/controller/kongRoute/controller.go:267.2,280.16 3 0
github.com/cdiscount/kong-operator/pkg/controller/kongRoute/controller.go:284.2,285.16 2 0
github.com/cdiscount/kong-operator/pkg/controller/kongRoute/controller.go:288.2,288.34 1 0
github.com/cdiscount/kong-operator/pkg/controller/kongRoute/controller.go:263.16,265.3 1 0
github.com/cdiscount/kong-operator/pkg/controller/kongRoute/controller.go:280.16,283.3 2 0
github.com/cdiscount/kong-operator/pkg/controller/kongRoute/controller.go:285.16,287.3 1 0
github.com/cdiscount/kong-operator/pkg/controller/kongRoute/controller.go:291.96,294.16 2 0
github.com/cdiscount/kong-operator/pkg/controller/kongRoute/controller.go:298.2,311.16 3 0
github.com/cdiscount/kong-operator/pkg/controller/kongRoute/controller.go:315.2,316.16 2 0
github.com/cdiscount/kong-operator/pkg/controller/kongRoute/controller.go:319.2,319.34 1 0
github.com/cdiscount/kong-operator/pkg/controller/kongRoute/controller.go:294.16,296.3 1 0
github.com/cdiscount/kong-operator/pkg/controller/kongRoute/controller.go:311.16,314.3 2 0
github.com/cdiscount/kong-operator/pkg/controller/kongRoute/controller.go:316.16,318.3 1 0
github.com/cdiscount/kong-operator/pkg/controller/kongRoute/controller.go:322.121,332.2 3 0
github.com/cdiscount/kong-operator/pkg/controller/kongRoute/controller.go:334.68,336.16 2 0
github.com/cdiscount/kong-operator/pkg/controller/kongRoute/controller.go:339.2,341.16 3 0
github.com/cdiscount/kong-operator/pkg/controller/kongRoute/controller.go:344.2,345.18 2 0
github.com/cdiscount/kong-operator/pkg/controller/kongRoute/controller.go:336.16,338.3 1 0
github.com/cdiscount/kong-operator/pkg/controller/kongRoute/controller.go:341.16,343.3 1 0
